pipewire
networkmanager
network-manager-applet
brightnessctl
pavucontrol
pipewire-alsa
bluez-utils
blueman
pipewire-jack
bluez
pamixer
gst-plugin-pipewire
pipewire-pulse
wireplumber
pipewire-audio
unzip
qt5-quickcontrols
qt5-graphicaleffects
qt5-quickcontrols2
sddm
qt6-wayland
nwg-look
qt6ct
qt5-wayland
kvantum
qt5ct
neofetch
pokemon-colorscripts-git
zsh
eza
oh-my-zsh-git
zsh-theme-powerlevel10k
neovim
fd
rust
ttf-nerd-fonts-symbols-common
devtools
cmake
wl-clipboard
cargo
python-pynvim
gcc
xsel
ninja
ttf-nerd-fonts-symbols
ripgrep
npm
nodejs
xclip
make
python-pipx
fzf
